Using pre-set license
Built from '2020.3/staging' branch; Version is '2020.3.16f1 (049d6eca3c44) revision 302446'; Using compiler version '192528614'; Build Type 'Release'
OS: 'Windows 10 Pro; OS build 22000.613; Version 2009; 64bit' Language: 'en' Physical Memory: 32681 MB
BatchMode: 1, IsHumanControllingUs: 0, StartBugReporterOnCrash: 0, Is64bit: 1, IsPro: 0

 COMMAND LINE ARGUMENTS:
C:\Program Files\Unity\Hub\Editor\2020.3.16f1\Editor\Unity.exe
-adb2
-batchMode
-noUpm
-name
AssetImportWorker0
-projectPath
C:/Users/tobia/Desktop/Topdown game/Topdown game/Tobias_Noelkensmeier_39-12803_BAGDP2102.2_TopDownShooter
-logFile
Logs/AssetImportWorker0.log
-srvPort
53115
Successfully changed project path to: C:/Users/tobia/Desktop/Topdown game/Topdown game/Tobias_Noelkensmeier_39-12803_BAGDP2102.2_TopDownShooter
C:/Users/tobia/Desktop/Topdown game/Topdown game/Tobias_Noelkensmeier_39-12803_BAGDP2102.2_TopDownShooter
Using Asset Import Pipeline V2.
Refreshing native plugins compatible for Editor in 40.41 ms, found 3 plugins.
Preloading 0 native plugins for Editor in 0.00 ms.
Initialize engine version: 2020.3.16f1 (049d6eca3c44)
[Subsystems] Discovering subsystems at path C:/Program Files/Unity/Hub/Editor/2020.3.16f1/Editor/Data/Resources/UnitySubsystems
[Subsystems] Discovering subsystems at path C:/Users/tobia/Desktop/Topdown game/Topdown game/Tobias_Noelkensmeier_39-12803_BAGDP2102.2_TopDownShooter/Assets
GfxDevice: creating device client; threaded=0
Direct3D:
    Version:  Direct3D 11.0 [level 11.1]
    Renderer: NVIDIA GeForce GTX 1070 (ID=0x1b81)
    Vendor:   
    VRAM:     8088 MB
    Driver:   30.0.15.1179
Initialize mono
Mono path[0] = 'C:/Program Files/Unity/Hub/Editor/2020.3.16f1/Editor/Data/Managed'
Mono path[1] = 'C:/Program Files/Unity/Hub/Editor/2020.3.16f1/Editor/Data/MonoBleedingEdge/lib/mono/unityjit'
Mono config path = 'C:/Program Files/Unity/Hub/Editor/2020.3.16f1/Editor/Data/MonoBleedingEdge/etc'
Using monoOptions --debugger-agent=transport=dt_socket,embedding=1,server=y,suspend=n,address=127.0.0.1:56376
Begin MonoManager ReloadAssembly
Registering precompiled unity dll's ...
Register platform support module: C:/Program Files/Unity/Hub/Editor/2020.3.16f1/Editor/Data/PlaybackEngines/WindowsStandaloneSupport/UnityEditor.WindowsStandalone.Extensions.dll
Registered in 0.001760 seconds.
Native extension for WindowsStandalone target not found
Refreshing native plugins compatible for Editor in 37.02 ms, found 3 plugins.
Preloading 0 native plugins for Editor in 0.00 ms.
Mono: successfully reloaded assembly
- Completed reload, in  0.905 seconds
Domain Reload Profiling:
	ReloadAssembly (905ms)
		BeginReloadAssembly (54ms)
			ExecutionOrderSort (0ms)
			DisableScriptedObjects (0ms)
			BackupInstance (0ms)
			ReleaseScriptingObjects (0ms)
			CreateAndSetChildDomain (1ms)
		EndReloadAssembly (335ms)
			LoadAssemblies (53ms)
			RebuildTransferFunctionScriptingTraits (0ms)
			SetupTypeCache (116ms)
			ReleaseScriptCaches (0ms)
			RebuildScriptCaches (24ms)
			SetupLoadedEditorAssemblies (143ms)
				LogAssemblyErrors (0ms)
				InitializePlatformSupportModulesInManaged (3ms)
				SetLoadedEditorAssemblies (0ms)
				RefreshPlugins (37ms)
				BeforeProcessingInitializeOnLoad (16ms)
				ProcessInitializeOnLoadAttributes (63ms)
				ProcessInitializeOnLoadMethodAttributes (23ms)
				AfterProcessingInitializeOnLoad (0ms)
				EditorAssembliesLoaded (0ms)
			ExecutionOrderSort2 (0ms)
			AwakeInstancesAfterBackupRestoration (0ms)
Platform modules already initialized, skipping
Registering precompiled user dll's ...
Registered in 0.006325 seconds.
Begin MonoManager ReloadAssembly
Native extension for WindowsStandalone target not found
Refreshing native plugins compatible for Editor in 34.77 ms, found 3 plugins.
Preloading 0 native plugins for Editor in 0.00 ms.
Mono: successfully reloaded assembly
- Completed reload, in  0.945 seconds
Domain Reload Profiling:
	ReloadAssembly (946ms)
		BeginReloadAssembly (123ms)
			ExecutionOrderSort (0ms)
			DisableScriptedObjects (3ms)
			BackupInstance (0ms)
			ReleaseScriptingObjects (0ms)
			CreateAndSetChildDomain (16ms)
		EndReloadAssembly (772ms)
			LoadAssemblies (88ms)
			RebuildTransferFunctionScriptingTraits (0ms)
			SetupTypeCache (224ms)
			ReleaseScriptCaches (0ms)
			RebuildScriptCaches (39ms)
			SetupLoadedEditorAssemblies (330ms)
				LogAssemblyErrors (0ms)
				InitializePlatformSupportModulesInManaged (3ms)
				SetLoadedEditorAssemblies (0ms)
				RefreshPlugins (35ms)
				BeforeProcessingInitializeOnLoad (63ms)
				ProcessInitializeOnLoadAttributes (213ms)
				ProcessInitializeOnLoadMethodAttributes (12ms)
				AfterProcessingInitializeOnLoad (4ms)
				EditorAssembliesLoaded (0ms)
			ExecutionOrderSort2 (0ms)
			AwakeInstancesAfterBackupRestoration (5ms)
Platform modules already initialized, skipping
========================================================================
Worker process is ready to serve import requests
Launched and connected shader compiler UnityShaderCompiler.exe after 0.05 seconds
Refreshing native plugins compatible for Editor in 0.47 ms, found 3 plugins.
Preloading 0 native plugins for Editor in 0.00 ms.
Unloading 2093 Unused Serialized files (Serialized files now loaded: 0)
System memory in use before: 94.0 MB.
System memory in use after: 94.1 MB.

Unloading 28 unused Assets to reduce memory usage. Loaded Objects now: 2530.
Total: 3.026400 ms (FindLiveObjects: 0.185900 ms CreateObjectMapping: 0.048300 ms MarkObjects: 2.722700 ms  DeleteObjects: 0.068600 ms)

AssetImportParameters requested are different than current active one (requested -> active):
  custom:framework-win-MediaFoundation: 216162199b28c13a410421893ffa2e32 -> 
  custom:video-decoder-ogg-theora: a1e56fd34408186e4bbccfd4996cb3dc -> 
  custom:container-muxer-webm: aa71ff27fc2769a1b78a27578f13a17b -> 
  custom:container-demuxer-webm: 4f35f7cbe854078d1ac9338744f61a02 -> 
  custom:container-demuxer-ogg: 62fdf1f143b41e24485cea50d1cbac27 -> 
  custom:video-encoder-webm-vp8: eb34c28f22e8b96e1ab97ce403110664 -> 
  custom:video-decoder-webm-vp8: 9c59270c3fd7afecdb556c50c9e8de78 -> 
  custom:audio-decoder-ogg-vorbis: bf7c407c2cedff20999df2af8eb42d56 -> 
  custom:audio-encoder-webm-vorbis: bf7c407c2cedff20999df2af8eb42d56 -> 
========================================================================
Received Import Request.
  path: Assets/HSPackages/InfiniteGround/Prefab/Road.prefab
  artifactKey: Guid(43c37d47640a8a44f941123ea6462044) Importer(815301076,1909f56bfc062723c751e8b465ee728b)
Start importing Assets/HSPackages/InfiniteGround/Prefab/Road.prefab using Guid(43c37d47640a8a44f941123ea6462044) Importer(815301076,1909f56bfc062723c751e8b465ee728b)  -> (artifact id: '51c44bdf6fba685ac8d0f8a5b3d53702') in 0.092754 seconds 
  Import took 0.095914 seconds .

========================================================================
Received Import Request.
  Time since last request: 0.000189 seconds.
  path: Assets/HSPackages/InfiniteGround
  artifactKey: Guid(93f002ff89b3dcd48b7228562e43a530) Importer(815301076,1909f56bfc062723c751e8b465ee728b)
Start importing Assets/HSPackages/InfiniteGround using Guid(93f002ff89b3dcd48b7228562e43a530) Importer(815301076,1909f56bfc062723c751e8b465ee728b)  -> (artifact id: '171d3992466c9c7f834a0b97148fc1fc') in 0.002882 seconds 
  Import took 0.005287 seconds .

========================================================================
Received Import Request.
  Time since last request: 0.000105 seconds.
  path: Assets/HSPackages/InfiniteGround/Prefab
  artifactKey: Guid(12f65be6f6e80c746b54d18815cb1781) Importer(815301076,1909f56bfc062723c751e8b465ee728b)
Start importing Assets/HSPackages/InfiniteGround/Prefab using Guid(12f65be6f6e80c746b54d18815cb1781) Importer(815301076,1909f56bfc062723c751e8b465ee728b)  -> (artifact id: 'a7dc9f3551d8367ccfb208a2a6e3cfcc') in 0.003316 seconds 
  Import took 0.005590 seconds .

========================================================================
Received Import Request.
  Time since last request: 0.000116 seconds.
  path: Assets/HSPackages/InfiniteGround/Prefab/Ground.prefab
  artifactKey: Guid(88ae0ab984026a942b403f4ad37c2d69) Importer(815301076,1909f56bfc062723c751e8b465ee728b)
Start importing Assets/HSPackages/InfiniteGround/Prefab/Ground.prefab using Guid(88ae0ab984026a942b403f4ad37c2d69) Importer(815301076,1909f56bfc062723c751e8b465ee728b)  -> (artifact id: '6d7da55a7793177f4190387a9e0c311c') in 0.011637 seconds 
  Import took 0.014340 seconds .

========================================================================
Received Import Request.
  Time since last request: 0.000219 seconds.
  path: Assets/HSPackages
  artifactKey: Guid(573930238d62b4242bb19dfb7ec25b89) Importer(815301076,1909f56bfc062723c751e8b465ee728b)
Start importing Assets/HSPackages using Guid(573930238d62b4242bb19dfb7ec25b89) Importer(815301076,1909f56bfc062723c751e8b465ee728b)  -> (artifact id: 'd16ae0b78b7d89e4cb0c8d5ef015486a') in 0.003483 seconds 
  Import took 0.005586 seconds .

========================================================================
Received Import Request.
  Time since last request: 8.186211 seconds.
  path: Assets/HSPackages/InfiniteGround/Script
  artifactKey: Guid(59a4eddaf8c0b4a40aa121b5a1874eea) Importer(815301076,1909f56bfc062723c751e8b465ee728b)
Start importing Assets/HSPackages/InfiniteGround/Script using Guid(59a4eddaf8c0b4a40aa121b5a1874eea) Importer(815301076,1909f56bfc062723c751e8b465ee728b)  -> (artifact id: 'ea3115de439a5b161a65d758502aa37c') in 0.003754 seconds 
  Import took 0.006396 seconds .

========================================================================
Received Import Request.
  Time since last request: 1.528306 seconds.
  path: Assets/HSPackages/InfiniteGround/Script/Ground.cs
  artifactKey: Guid(af39c556f00cb534aaa83d856c5b074d) Importer(815301076,1909f56bfc062723c751e8b465ee728b)
Start importing Assets/HSPackages/InfiniteGround/Script/Ground.cs using Guid(af39c556f00cb534aaa83d856c5b074d) Importer(815301076,1909f56bfc062723c751e8b465ee728b)  -> (artifact id: '2dbd9068133312524dc7c4090aae8022') in 0.045182 seconds 
  Import took 0.048063 seconds .

========================================================================
Received Prepare
Registering precompiled user dll's ...
Registered in 0.005814 seconds.
Begin MonoManager ReloadAssembly
Native extension for WindowsStandalone target not found
Refreshing native plugins compatible for Editor in 0.73 ms, found 3 plugins.
Preloading 0 native plugins for Editor in 0.00 ms.
Mono: successfully reloaded assembly
- Completed reload, in  0.902 seconds
Domain Reload Profiling:
	ReloadAssembly (903ms)
		BeginReloadAssembly (113ms)
			ExecutionOrderSort (0ms)
			DisableScriptedObjects (5ms)
			BackupInstance (0ms)
			ReleaseScriptingObjects (0ms)
			CreateAndSetChildDomain (28ms)
		EndReloadAssembly (740ms)
			LoadAssemblies (90ms)
			RebuildTransferFunctionScriptingTraits (0ms)
			SetupTypeCache (232ms)
			ReleaseScriptCaches (1ms)
			RebuildScriptCaches (36ms)
			SetupLoadedEditorAssemblies (303ms)
				LogAssemblyErrors (0ms)
				InitializePlatformSupportModulesInManaged (6ms)
				SetLoadedEditorAssemblies (0ms)
				RefreshPlugins (1ms)
				BeforeProcessingInitializeOnLoad (75ms)
				ProcessInitializeOnLoadAttributes (212ms)
				ProcessInitializeOnLoadMethodAttributes (5ms)
				AfterProcessingInitializeOnLoad (4ms)
				EditorAssembliesLoaded (0ms)
			ExecutionOrderSort2 (0ms)
			AwakeInstancesAfterBackupRestoration (8ms)
Platform modules already initialized, skipping
Refreshing native plugins compatible for Editor in 0.44 ms, found 3 plugins.
Preloading 0 native plugins for Editor in 0.00 ms.
Unloading 2081 Unused Serialized files (Serialized files now loaded: 0)
System memory in use before: 96.3 MB.
System memory in use after: 96.5 MB.

Unloading 17 unused Assets to reduce memory usage. Loaded Objects now: 2540.
Total: 2.820500 ms (FindLiveObjects: 0.171300 ms CreateObjectMapping: 0.048700 ms MarkObjects: 2.581300 ms  DeleteObjects: 0.018000 ms)

AssetImportParameters requested are different than current active one (requested -> active):
  custom:framework-win-MediaFoundation: 216162199b28c13a410421893ffa2e32 -> 
  custom:video-decoder-ogg-theora: a1e56fd34408186e4bbccfd4996cb3dc -> 
  custom:container-muxer-webm: aa71ff27fc2769a1b78a27578f13a17b -> 
  custom:container-demuxer-webm: 4f35f7cbe854078d1ac9338744f61a02 -> 
  custom:container-demuxer-ogg: 62fdf1f143b41e24485cea50d1cbac27 -> 
  custom:video-encoder-webm-vp8: eb34c28f22e8b96e1ab97ce403110664 -> 
  custom:video-decoder-webm-vp8: 9c59270c3fd7afecdb556c50c9e8de78 -> 
  custom:audio-decoder-ogg-vorbis: bf7c407c2cedff20999df2af8eb42d56 -> 
  custom:audio-encoder-webm-vorbis: bf7c407c2cedff20999df2af8eb42d56 -> 
========================================================================
Received Import Request.
  Time since last request: 436.169001 seconds.
  path: Assets/Scenes
  artifactKey: Guid(150efb401fdcc69479276eba6e6143da) Importer(815301076,1909f56bfc062723c751e8b465ee728b)
Start importing Assets/Scenes using Guid(150efb401fdcc69479276eba6e6143da) Importer(815301076,1909f56bfc062723c751e8b465ee728b)  -> (artifact id: 'da8b6b93dce6e50809ff51781c37d425') in 0.007490 seconds 
  Import took 0.010697 seconds .

========================================================================
Received Import Request.
  Time since last request: 4.558340 seconds.
  path: Assets/Scenes/SampleScene.unity
  artifactKey: Guid(2cda990e2423bbf4892e6590ba056729) Importer(815301076,1909f56bfc062723c751e8b465ee728b)
Start importing Assets/Scenes/SampleScene.unity using Guid(2cda990e2423bbf4892e6590ba056729) Importer(815301076,1909f56bfc062723c751e8b465ee728b)  -> (artifact id: 'aa27944bdea339c97c39027c7eea529c') in 0.011084 seconds 
  Import took 0.014054 seconds .

========================================================================
Received Import Request.
  Time since last request: 21.938980 seconds.
  path: Assets/Scenes/level1.unity
  artifactKey: Guid(2cda990e2423bbf4892e6590ba056729) Importer(815301076,1909f56bfc062723c751e8b465ee728b)
Start importing Assets/Scenes/level1.unity using Guid(2cda990e2423bbf4892e6590ba056729) Importer(815301076,1909f56bfc062723c751e8b465ee728b)  -> (artifact id: 'c6f37d4485d38140895068c8beb2a531') in 0.004538 seconds 
  Import took 0.007381 seconds .

========================================================================
Received Import Request.
  Time since last request: 366.616594 seconds.
  path: Assets
  artifactKey: Guid(00000000000000001000000000000000) Importer(815301076,1909f56bfc062723c751e8b465ee728b)
Start importing Assets using Guid(00000000000000001000000000000000) Importer(815301076,1909f56bfc062723c751e8b465ee728b)  -> (artifact id: '42d402b061de3733987d63b9cc3b64de') in 0.004374 seconds 
  Import took 0.007330 seconds .

========================================================================
Received Import Request.
  Time since last request: 7.088457 seconds.
  path: Assets/Tiles
  artifactKey: Guid(12242ede10d67774c9898fc1d6a6dfc3) Importer(815301076,1909f56bfc062723c751e8b465ee728b)
Start importing Assets/Tiles using Guid(12242ede10d67774c9898fc1d6a6dfc3) Importer(815301076,1909f56bfc062723c751e8b465ee728b)  -> (artifact id: '7bc46f123aabe43cfb5c2e2367d3e8a8') in 0.004569 seconds 
  Import took 0.007655 seconds .

========================================================================
Received Import Request.
  Time since last request: 16.952878 seconds.
  path: Assets/Script
  artifactKey: Guid(8b19952648dc074448d4277ee20ad841) Importer(815301076,1909f56bfc062723c751e8b465ee728b)
Start importing Assets/Script using Guid(8b19952648dc074448d4277ee20ad841) Importer(815301076,1909f56bfc062723c751e8b465ee728b)  -> (artifact id: '5a2f3ad1b02a8249a2a8a1a6ac996bd9') in 0.004243 seconds 
  Import took 0.006998 seconds .

========================================================================
Received Import Request.
  Time since last request: 5.943301 seconds.
  path: Assets/Tiles/walls_0000_Layer-1.png
  artifactKey: Guid(dff69cc1ed3676a47bbbc820b03f4c58) Importer(815301076,1909f56bfc062723c751e8b465ee728b)
Start importing Assets/Tiles/walls_0000_Layer-1.png using Guid(dff69cc1ed3676a47bbbc820b03f4c58) Importer(815301076,1909f56bfc062723c751e8b465ee728b)  -> (artifact id: 'e1af9272ade84a9284934e61836596a0') in 0.074701 seconds 
  Import took 0.077875 seconds .

========================================================================
Received Import Request.
  Time since last request: 0.000172 seconds.
  path: Assets/Tiles/walls_0017_Layer-18.png
  artifactKey: Guid(aed179c748371d747935858876602a74) Importer(815301076,1909f56bfc062723c751e8b465ee728b)
Start importing Assets/Tiles/walls_0017_Layer-18.png using Guid(aed179c748371d747935858876602a74) Importer(815301076,1909f56bfc062723c751e8b465ee728b)  -> (artifact id: '9a40e888e51402aab4994de16747fef7') in 0.013101 seconds 
  Import took 0.015734 seconds .

========================================================================
Received Import Request.
  Time since last request: 0.000190 seconds.
  path: Assets/Tiles/walls_0007_Layer-8.png
  artifactKey: Guid(3eecfb67c9d417b40a20d37ee7bc99a6) Importer(815301076,1909f56bfc062723c751e8b465ee728b)
Start importing Assets/Tiles/walls_0007_Layer-8.png using Guid(3eecfb67c9d417b40a20d37ee7bc99a6) Importer(815301076,1909f56bfc062723c751e8b465ee728b)  -> (artifact id: '2b50092d44844f73e1bc283bd078c2ae') in 0.016188 seconds 
  Import took 0.018789 seconds .

========================================================================
Received Import Request.
  Time since last request: 0.000181 seconds.
  path: Assets/Tiles/walls_0008_Layer-9.png
  artifactKey: Guid(02c5bc007d3c94b44bc657c6497f6e87) Importer(815301076,1909f56bfc062723c751e8b465ee728b)
Start importing Assets/Tiles/walls_0008_Layer-9.png using Guid(02c5bc007d3c94b44bc657c6497f6e87) Importer(815301076,1909f56bfc062723c751e8b465ee728b)  -> (artifact id: '35960a0dd484346c7e50cc5919294168') in 0.011658 seconds 
  Import took 0.014188 seconds .

========================================================================
Received Import Request.
  Time since last request: 0.000158 seconds.
  path: Assets/Tiles/walls_0031_Layer-32.png
  artifactKey: Guid(d55331f909e6b1749ab4e18f1de37342) Importer(815301076,1909f56bfc062723c751e8b465ee728b)
Start importing Assets/Tiles/walls_0031_Layer-32.png using Guid(d55331f909e6b1749ab4e18f1de37342) Importer(815301076,1909f56bfc062723c751e8b465ee728b)  -> (artifact id: '16306fff454fcc921cf102da74390b70') in 0.014329 seconds 
  Import took 0.016983 seconds .

========================================================================
Received Import Request.
  Time since last request: 0.000172 seconds.
  path: Assets/Tiles/walls_0026_Layer-27.png
  artifactKey: Guid(6169029d06e64cc42843608987ae1fe8) Importer(815301076,1909f56bfc062723c751e8b465ee728b)
Start importing Assets/Tiles/walls_0026_Layer-27.png using Guid(6169029d06e64cc42843608987ae1fe8) Importer(815301076,1909f56bfc062723c751e8b465ee728b)  -> (artifact id: '31e05b2c8bfd6c1274da5d8e6c05dec5') in 0.012684 seconds 
  Import took 0.015248 seconds .

========================================================================
Received Import Request.
  Time since last request: 0.000168 seconds.
  path: Assets/Tiles/walls_0040_Layer-41.png
  artifactKey: Guid(1b61a172a2d1afb4fa4dd6e11db378b6) Importer(815301076,1909f56bfc062723c751e8b465ee728b)
Start importing Assets/Tiles/walls_0040_Layer-41.png using Guid(1b61a172a2d1afb4fa4dd6e11db378b6) Importer(815301076,1909f56bfc062723c751e8b465ee728b)  -> (artifact id: 'a4123c4ac8ec74ce158c384b2bb3e5c6') in 0.016008 seconds 
  Import took 0.018740 seconds .

========================================================================
Received Import Request.
  Time since last request: 0.000181 seconds.
  path: Assets/Tiles/walls_0043_Layer-44.png
  artifactKey: Guid(a42ed5bd34bbd5341b77d48aea75b6bd) Importer(815301076,1909f56bfc062723c751e8b465ee728b)
Start importing Assets/Tiles/walls_0043_Layer-44.png using Guid(a42ed5bd34bbd5341b77d48aea75b6bd) Importer(815301076,1909f56bfc062723c751e8b465ee728b)  -> (artifact id: '89705584505da360dd8fe5fd3a4bfdce') in 0.012134 seconds 
  Import took 0.014872 seconds .

========================================================================
Received Import Request.
  Time since last request: 0.000174 seconds.
  path: Assets/Tiles/walls_0002_Layer-3.png
  artifactKey: Guid(06cf364dfd8905f448448a64a3b8bb82) Importer(815301076,1909f56bfc062723c751e8b465ee728b)
Start importing Assets/Tiles/walls_0002_Layer-3.png using Guid(06cf364dfd8905f448448a64a3b8bb82) Importer(815301076,1909f56bfc062723c751e8b465ee728b)  -> (artifact id: '938d1bbc4bce3aa6c4c1eaec1b9cbfdb') in 0.015004 seconds 
  Import took 0.017568 seconds .

========================================================================
Received Import Request.
  Time since last request: 0.000202 seconds.
  path: Assets/Tiles/walls_0036_Layer-37.png
  artifactKey: Guid(9bea21eee4c3e224a8abd7b9368f156f) Importer(815301076,1909f56bfc062723c751e8b465ee728b)
Start importing Assets/Tiles/walls_0036_Layer-37.png using Guid(9bea21eee4c3e224a8abd7b9368f156f) Importer(815301076,1909f56bfc062723c751e8b465ee728b)  -> (artifact id: 'c028d3cd5616d7ddd57814fd43953609') in 0.013083 seconds 
  Import took 0.016109 seconds .

========================================================================
Received Import Request.
  Time since last request: 0.000189 seconds.
  path: Assets/Tiles/walls_0022_Layer-23.png
  artifactKey: Guid(3b48849738a8bd144981c0392c4f39c4) Importer(815301076,1909f56bfc062723c751e8b465ee728b)
Start importing Assets/Tiles/walls_0022_Layer-23.png using Guid(3b48849738a8bd144981c0392c4f39c4) Importer(815301076,1909f56bfc062723c751e8b465ee728b)  -> (artifact id: 'ffa8ecda7c030ea2c20c26c1b229b51e') in 0.011186 seconds 
  Import took 0.014049 seconds .

========================================================================
Received Import Request.
  Time since last request: 0.000165 seconds.
  path: Assets/Tiles/walls_0046_Layer-47.png
  artifactKey: Guid(4dd9a59abf43ea846b6517e5469744f0) Importer(815301076,1909f56bfc062723c751e8b465ee728b)
Start importing Assets/Tiles/walls_0046_Layer-47.png using Guid(4dd9a59abf43ea846b6517e5469744f0) Importer(815301076,1909f56bfc062723c751e8b465ee728b)  -> (artifact id: '0345af1cdc57c1da75b95baa48aa3b28') in 0.011860 seconds 
  Import took 0.014743 seconds .

========================================================================
Received Import Request.
  Time since last request: 0.000158 seconds.
  path: Assets/Tiles/walls_0049_Layer-50.png
  artifactKey: Guid(51b2fc95b77587149a1e5928cff0bae7) Importer(815301076,1909f56bfc062723c751e8b465ee728b)
Start importing Assets/Tiles/walls_0049_Layer-50.png using Guid(51b2fc95b77587149a1e5928cff0bae7) Importer(815301076,1909f56bfc062723c751e8b465ee728b)  -> (artifact id: '9955c8868fab44f2b9dc7d734cf40023') in 0.011474 seconds 
  Import took 0.014118 seconds .

========================================================================
Received Import Request.
  Time since last request: 0.000162 seconds.
  path: Assets/Tiles/walls_0004_Layer-5.png
  artifactKey: Guid(99488ade4b4491d4a9b4b270f564e761) Importer(815301076,1909f56bfc062723c751e8b465ee728b)
Start importing Assets/Tiles/walls_0004_Layer-5.png using Guid(99488ade4b4491d4a9b4b270f564e761) Importer(815301076,1909f56bfc062723c751e8b465ee728b)  -> (artifact id: '7f671a27816a915768ca02b0d519ec17') in 0.012264 seconds 
  Import took 0.014885 seconds .

========================================================================
Received Import Request.
  Time since last request: 0.000168 seconds.
  path: Assets/Tiles/walls_0023_Layer-24.png
  artifactKey: Guid(e0bfde4119b5bdd4e92c47962469915e) Importer(815301076,1909f56bfc062723c751e8b465ee728b)
Start importing Assets/Tiles/walls_0023_Layer-24.png using Guid(e0bfde4119b5bdd4e92c47962469915e) Importer(815301076,1909f56bfc062723c751e8b465ee728b)  -> (artifact id: 'e1cacb25ad7c0bf635da6747051d455b') in 0.011932 seconds 
  Import took 0.014767 seconds .

========================================================================
Received Import Request.
  Time since last request: 0.000138 seconds.
  path: Assets/Tiles/walls_0001_Layer-2.png
  artifactKey: Guid(d34fa3dcd1068f645a4ff34d215baab6) Importer(815301076,1909f56bfc062723c751e8b465ee728b)
Start importing Assets/Tiles/walls_0001_Layer-2.png using Guid(d34fa3dcd1068f645a4ff34d215baab6) Importer(815301076,1909f56bfc062723c751e8b465ee728b)  -> (artifact id: 'e1cf33f8429ee292cb37d7fae32abc18') in 0.012667 seconds 
  Import took 0.015295 seconds .

========================================================================
Received Import Request.
  Time since last request: 0.000176 seconds.
  path: Assets/Tiles/walls_0006_Layer-7.png
  artifactKey: Guid(84bd1edac2f24ec4db8797f7447c7569) Importer(815301076,1909f56bfc062723c751e8b465ee728b)
Start importing Assets/Tiles/walls_0006_Layer-7.png using Guid(84bd1edac2f24ec4db8797f7447c7569) Importer(815301076,1909f56bfc062723c751e8b465ee728b)  -> (artifact id: '4a23b622b297ec3d26661e56384c4909') in 0.011024 seconds 
  Import took 0.013663 seconds .

========================================================================
Received Import Request.
  Time since last request: 0.000171 seconds.
  path: Assets/Tiles/walls_0044_Layer-45.png
  artifactKey: Guid(031419de98bfa3f45b89ba3cc17706e0) Importer(815301076,1909f56bfc062723c751e8b465ee728b)
Start importing Assets/Tiles/walls_0044_Layer-45.png using Guid(031419de98bfa3f45b89ba3cc17706e0) Importer(815301076,1909f56bfc062723c751e8b465ee728b)  -> (artifact id: 'c860797897c17da4cca24bc1756a8cc9') in 0.012247 seconds 
  Import took 0.014856 seconds .

========================================================================
Received Import Request.
  Time since last request: 0.000165 seconds.
  path: Assets/Tiles/walls_0030_Layer-31.png
  artifactKey: Guid(7b5099b9cfd50804d81eae3040dced00) Importer(815301076,1909f56bfc062723c751e8b465ee728b)
Start importing Assets/Tiles/walls_0030_Layer-31.png using Guid(7b5099b9cfd50804d81eae3040dced00) Importer(815301076,1909f56bfc062723c751e8b465ee728b)  -> (artifact id: '47352c9afb10e20dc78c1a5a148c1ec8') in 0.013088 seconds 
  Import took 0.015819 seconds .

========================================================================
Received Import Request.
  Time since last request: 0.000188 seconds.
  path: Assets/Tiles/walls_0016_Layer-17.png
  artifactKey: Guid(b560724b1dfdf26419f5ae6c9f16eede) Importer(815301076,1909f56bfc062723c751e8b465ee728b)
Start importing Assets/Tiles/walls_0016_Layer-17.png using Guid(b560724b1dfdf26419f5ae6c9f16eede) Importer(815301076,1909f56bfc062723c751e8b465ee728b)  -> (artifact id: 'e71123540be2d8c68d4dc90fd5756662') in 0.013529 seconds 
  Import took 0.016354 seconds .

========================================================================
Received Import Request.
  Time since last request: 0.000199 seconds.
  path: Assets/Tiles/walls_0024_Layer-25.png
  artifactKey: Guid(2f80774ca11d15e4790e2d3de5540680) Importer(815301076,1909f56bfc062723c751e8b465ee728b)
Start importing Assets/Tiles/walls_0024_Layer-25.png using Guid(2f80774ca11d15e4790e2d3de5540680) Importer(815301076,1909f56bfc062723c751e8b465ee728b)  -> (artifact id: 'aea0a3d38d6e6c239e975e71f8943157') in 0.012939 seconds 
  Import took 0.015915 seconds .

========================================================================
Received Import Request.
  Time since last request: 0.000162 seconds.
  path: Assets/Tiles/walls_0018_Layer-19.png
  artifactKey: Guid(f04f88ee7c128a04bace78c6a83f0130) Importer(815301076,1909f56bfc062723c751e8b465ee728b)
Start importing Assets/Tiles/walls_0018_Layer-19.png using Guid(f04f88ee7c128a04bace78c6a83f0130) Importer(815301076,1909f56bfc062723c751e8b465ee728b)  -> (artifact id: '2e0d4ffa34a41a85cacbed40ec244800') in 0.012497 seconds 
  Import took 0.015307 seconds .

========================================================================
Received Import Request.
  Time since last request: 0.000164 seconds.
  path: Assets/Tiles/walls_0042_Layer-43.png
  artifactKey: Guid(35756167b5862e943857d9e65a8c5ffd) Importer(815301076,1909f56bfc062723c751e8b465ee728b)
Start importing Assets/Tiles/walls_0042_Layer-43.png using Guid(35756167b5862e943857d9e65a8c5ffd) Importer(815301076,1909f56bfc062723c751e8b465ee728b)  -> (artifact id: '90b6240414177a644be098ae686a8ae4') in 0.014866 seconds 
  Import took 0.017900 seconds .

========================================================================
Received Import Request.
  Time since last request: 0.000187 seconds.
  path: Assets/Tiles/walls_0039_Layer-40.png
  artifactKey: Guid(5015ff0a844546d4ebe42bfefc1a26b3) Importer(815301076,1909f56bfc062723c751e8b465ee728b)
Start importing Assets/Tiles/walls_0039_Layer-40.png using Guid(5015ff0a844546d4ebe42bfefc1a26b3) Importer(815301076,1909f56bfc062723c751e8b465ee728b)  -> (artifact id: '80d2c40ad4fea53dc9aa36f095abf6db') in 0.012853 seconds 
  Import took 0.015843 seconds .

========================================================================
Received Import Request.
  Time since last request: 0.000193 seconds.
  path: Assets/Tiles/walls_0028_Layer-29.png
  artifactKey: Guid(a3d8cc325c6fef641afbd9721ceab2b4) Importer(815301076,1909f56bfc062723c751e8b465ee728b)
Start importing Assets/Tiles/walls_0028_Layer-29.png using Guid(a3d8cc325c6fef641afbd9721ceab2b4) Importer(815301076,1909f56bfc062723c751e8b465ee728b)  -> (artifact id: '6c62dc322c715881201d6d45adc4371b') in 0.013297 seconds 
  Import took 0.015928 seconds .

========================================================================
Received Import Request.
  Time since last request: 0.000162 seconds.
  path: Assets/Tiles/walls_0034_Layer-35.png
  artifactKey: Guid(51cf1c447c379b94bb59a45590fb7ba1) Importer(815301076,1909f56bfc062723c751e8b465ee728b)
Start importing Assets/Tiles/walls_0034_Layer-35.png using Guid(51cf1c447c379b94bb59a45590fb7ba1) Importer(815301076,1909f56bfc062723c751e8b465ee728b)  -> (artifact id: '6087bb57f9a47a39fdf67d5fa54b515f') in 0.014218 seconds 
  Import took 0.016865 seconds .

========================================================================
Received Import Request.
  Time since last request: 0.000186 seconds.
  path: Assets/Tiles/walls_0033_Layer-34.png
  artifactKey: Guid(f2fd24982ae3bd94b9fedb951ca3a854) Importer(815301076,1909f56bfc062723c751e8b465ee728b)
Start importing Assets/Tiles/walls_0033_Layer-34.png using Guid(f2fd24982ae3bd94b9fedb951ca3a854) Importer(815301076,1909f56bfc062723c751e8b465ee728b)  -> (artifact id: 'fae1e9406f81a693f33d5015cd90815c') in 0.013904 seconds 
  Import took 0.017044 seconds .

========================================================================
Received Import Request.
  Time since last request: 0.000181 seconds.
  path: Assets/Tiles/walls_0035_Layer-36.png
  artifactKey: Guid(57dc16c753639704e9c00ccad77cf28d) Importer(815301076,1909f56bfc062723c751e8b465ee728b)
Start importing Assets/Tiles/walls_0035_Layer-36.png using Guid(57dc16c753639704e9c00ccad77cf28d) Importer(815301076,1909f56bfc062723c751e8b465ee728b)  -> (artifact id: '65a642d08cc9fe15a1f99ec7567e5d8a') in 0.011748 seconds 
  Import took 0.014736 seconds .

========================================================================
Received Import Request.
  Time since last request: 0.000192 seconds.
  path: Assets/Tiles/walls_0010_Layer-11.png
  artifactKey: Guid(ca8c1cb435fcee3478d32355a3bec838) Importer(815301076,1909f56bfc062723c751e8b465ee728b)
Start importing Assets/Tiles/walls_0010_Layer-11.png using Guid(ca8c1cb435fcee3478d32355a3bec838) Importer(815301076,1909f56bfc062723c751e8b465ee728b)  -> (artifact id: '6ca537f62fc8c951d15b4437184f96f0') in 0.014982 seconds 
  Import took 0.017813 seconds .

========================================================================
Received Import Request.
  Time since last request: 0.000207 seconds.
  path: Assets/Tiles/walls_0011_Layer-12.png
  artifactKey: Guid(53b4e6c8d0731654a9adad597df6d362) Importer(815301076,1909f56bfc062723c751e8b465ee728b)
Start importing Assets/Tiles/walls_0011_Layer-12.png using Guid(53b4e6c8d0731654a9adad597df6d362) Importer(815301076,1909f56bfc062723c751e8b465ee728b)  -> (artifact id: '14bc687fec56b1e4fc97f4c0972ec4f8') in 0.012959 seconds 
  Import took 0.015913 seconds .

========================================================================
Received Import Request.
  Time since last request: 0.000167 seconds.
  path: Assets/Tiles/walls_0045_Layer-46.png
  artifactKey: Guid(b74b5c4c27af7a142bfcba5cd1b30ac6) Importer(815301076,1909f56bfc062723c751e8b465ee728b)
Start importing Assets/Tiles/walls_0045_Layer-46.png using Guid(b74b5c4c27af7a142bfcba5cd1b30ac6) Importer(815301076,1909f56bfc062723c751e8b465ee728b)  -> (artifact id: '6f891a2203b195584db761ba21dd410e') in 0.014146 seconds 
  Import took 0.016789 seconds .

========================================================================
Received Import Request.
  Time since last request: 0.000241 seconds.
  path: Assets/Tiles/walls_0038_Layer-39.png
  artifactKey: Guid(93540cb491da534438acdda90c79aa1e) Importer(815301076,1909f56bfc062723c751e8b465ee728b)
Start importing Assets/Tiles/walls_0038_Layer-39.png using Guid(93540cb491da534438acdda90c79aa1e) Importer(815301076,1909f56bfc062723c751e8b465ee728b)  -> (artifact id: '58e07056f1a34d7b6e5c25bf7ed09596') in 0.013513 seconds 
  Import took 0.016533 seconds .

========================================================================
Received Import Request.
  Time since last request: 0.000177 seconds.
  path: Assets/Tiles/walls_0021_Layer-22.png
  artifactKey: Guid(f256803dd19180443a418dd57d27e34e) Importer(815301076,1909f56bfc062723c751e8b465ee728b)
Start importing Assets/Tiles/walls_0021_Layer-22.png using Guid(f256803dd19180443a418dd57d27e34e) Importer(815301076,1909f56bfc062723c751e8b465ee728b)  -> (artifact id: '8528b0c53388d7437dbfbcfb88766d68') in 0.014114 seconds 
  Import took 0.016693 seconds .

========================================================================
Received Import Request.
  Time since last request: 0.000169 seconds.
  path: Assets/Tiles/walls_0038_Layer-39.png
  artifactKey: Guid(93540cb491da534438acdda90c79aa1e) Importer(815301076,1909f56bfc062723c751e8b465ee728b)
Start importing Assets/Tiles/walls_0038_Layer-39.png using Guid(93540cb491da534438acdda90c79aa1e) Importer(815301076,1909f56bfc062723c751e8b465ee728b)  -> (artifact id: '58e07056f1a34d7b6e5c25bf7ed09596') in 0.012152 seconds 
  Import took 0.014691 seconds .

========================================================================
Received Import Request.
  Time since last request: 0.000162 seconds.
  path: Assets/Tiles/walls_0047_Layer-48.png
  artifactKey: Guid(182267fd0cd330a478fb42925ce34f7e) Importer(815301076,1909f56bfc062723c751e8b465ee728b)
Start importing Assets/Tiles/walls_0047_Layer-48.png using Guid(182267fd0cd330a478fb42925ce34f7e) Importer(815301076,1909f56bfc062723c751e8b465ee728b)  -> (artifact id: 'dfb31e85bffc3826fe866d9a0ffb911c') in 0.014865 seconds 
  Import took 0.017385 seconds .

========================================================================
Received Import Request.
  Time since last request: 0.000120 seconds.
  path: Assets/Tiles/walls_0051_Layer-0.png
  artifactKey: Guid(3e3af5557c535b44fb7b90e74b86fca3) Importer(815301076,1909f56bfc062723c751e8b465ee728b)
Start importing Assets/Tiles/walls_0051_Layer-0.png using Guid(3e3af5557c535b44fb7b90e74b86fca3) Importer(815301076,1909f56bfc062723c751e8b465ee728b)  -> (artifact id: '16c2690d03fd8beb50d47c188be06319') in 0.013330 seconds 
  Import took 0.016038 seconds .

========================================================================
Received Import Request.
  Time since last request: 0.000195 seconds.
  path: Assets/Tiles/walls_0015_Layer-16.png
  artifactKey: Guid(9831078394640a94290b26a7d1ab2384) Importer(815301076,1909f56bfc062723c751e8b465ee728b)
Start importing Assets/Tiles/walls_0015_Layer-16.png using Guid(9831078394640a94290b26a7d1ab2384) Importer(815301076,1909f56bfc062723c751e8b465ee728b)  -> (artifact id: 'a1a342ac69410c0a4c9bb4f8d3e781be') in 0.013776 seconds 
  Import took 0.016322 seconds .

========================================================================
Received Import Request.
  Time since last request: 0.000151 seconds.
  path: Assets/Tiles/walls_0005_Layer-6.png
  artifactKey: Guid(1e360455ec35e814eac0a2c1ef2c7620) Importer(815301076,1909f56bfc062723c751e8b465ee728b)
Start importing Assets/Tiles/walls_0005_Layer-6.png using Guid(1e360455ec35e814eac0a2c1ef2c7620) Importer(815301076,1909f56bfc062723c751e8b465ee728b)  -> (artifact id: 'c3c78b424173f5e22aa56e01ca88b8c3') in 0.012657 seconds 
  Import took 0.015033 seconds .

========================================================================
Received Import Request.
  Time since last request: 0.000141 seconds.
  path: Assets/Tiles/walls_0012_Layer-13.png
  artifactKey: Guid(2091c74733c919e499ba9df35d76a1a9) Importer(815301076,1909f56bfc062723c751e8b465ee728b)
Start importing Assets/Tiles/walls_0012_Layer-13.png using Guid(2091c74733c919e499ba9df35d76a1a9) Importer(815301076,1909f56bfc062723c751e8b465ee728b)  -> (artifact id: 'bb44b1a87985056f9051469ec962b756') in 0.016373 seconds 
  Import took 0.018972 seconds .

========================================================================
Received Import Request.
  Time since last request: 0.000194 seconds.
  path: Assets/Tiles/walls_0019_Layer-20.png
  artifactKey: Guid(09e9021644d220f4b86b9b37105637f2) Importer(815301076,1909f56bfc062723c751e8b465ee728b)
Start importing Assets/Tiles/walls_0019_Layer-20.png using Guid(09e9021644d220f4b86b9b37105637f2) Importer(815301076,1909f56bfc062723c751e8b465ee728b)  -> (artifact id: '01decaf9277a8ee8a3eda6a5eb6a805b') in 0.012887 seconds 
  Import took 0.015703 seconds .

========================================================================
Received Import Request.
  Time since last request: 0.000157 seconds.
  path: Assets/Tiles/walls_0009_Layer-10.png
  artifactKey: Guid(09f989235e8ec0544a810f97ff07c99a) Importer(815301076,1909f56bfc062723c751e8b465ee728b)
Start importing Assets/Tiles/walls_0009_Layer-10.png using Guid(09f989235e8ec0544a810f97ff07c99a) Importer(815301076,1909f56bfc062723c751e8b465ee728b)  -> (artifact id: '3f2b436579b9f4c24d93e477bea28bd9') in 0.014269 seconds 
  Import took 0.016756 seconds .

========================================================================
Received Import Request.
  Time since last request: 0.000150 seconds.
  path: Assets/Tiles/walls_0050_Layer-51.png
  artifactKey: Guid(336aa910f8f4e484f918511f9a94c21c) Importer(815301076,1909f56bfc062723c751e8b465ee728b)
Start importing Assets/Tiles/walls_0050_Layer-51.png using Guid(336aa910f8f4e484f918511f9a94c21c) Importer(815301076,1909f56bfc062723c751e8b465ee728b)  -> (artifact id: '6064555ab06c98744faa90d3ff6bf4a9') in 0.011122 seconds 
  Import took 0.013418 seconds .

========================================================================
Received Import Request.
  Time since last request: 0.000157 seconds.
  path: Assets/Tiles/walls_0029_Layer-30.png
  artifactKey: Guid(bebbfe10fa2739a49a96e6396b8a0157) Importer(815301076,1909f56bfc062723c751e8b465ee728b)
Start importing Assets/Tiles/walls_0029_Layer-30.png using Guid(bebbfe10fa2739a49a96e6396b8a0157) Importer(815301076,1909f56bfc062723c751e8b465ee728b)  -> (artifact id: '7283fb10648f583c8d93f641e2fb711b') in 0.014913 seconds 
  Import took 0.017455 seconds .

========================================================================
Received Import Request.
  Time since last request: 0.000135 seconds.
  path: Assets/Tiles/walls_0027_Layer-28.png
  artifactKey: Guid(97d57868c81bcd941a43e9f5ce2e8015) Importer(815301076,1909f56bfc062723c751e8b465ee728b)
Start importing Assets/Tiles/walls_0027_Layer-28.png using Guid(97d57868c81bcd941a43e9f5ce2e8015) Importer(815301076,1909f56bfc062723c751e8b465ee728b)  -> (artifact id: 'ad61360f586cb45bc5afe4ceb579f848') in 0.016167 seconds 
  Import took 0.018693 seconds .

========================================================================
Received Import Request.
  Time since last request: 0.000199 seconds.
  path: Assets/Tiles/walls_0041_Layer-42.png
  artifactKey: Guid(0bf7a11c01e47ee419f5ed1cdf984654) Importer(815301076,1909f56bfc062723c751e8b465ee728b)
Start importing Assets/Tiles/walls_0041_Layer-42.png using Guid(0bf7a11c01e47ee419f5ed1cdf984654) Importer(815301076,1909f56bfc062723c751e8b465ee728b)  -> (artifact id: 'fc8f2a6dc7c474c141c6df9576234060') in 0.013637 seconds 
  Import took 0.016140 seconds .

========================================================================
Received Import Request.
  Time since last request: 0.000187 seconds.
  path: Assets/Tiles/walls_0003_Layer-4.png
  artifactKey: Guid(7cafd795502c0a04a92489a3a4545e51) Importer(815301076,1909f56bfc062723c751e8b465ee728b)
Start importing Assets/Tiles/walls_0003_Layer-4.png using Guid(7cafd795502c0a04a92489a3a4545e51) Importer(815301076,1909f56bfc062723c751e8b465ee728b)  -> (artifact id: '59efa6174eb987ca313dfc6998e83831') in 0.012426 seconds 
  Import took 0.015103 seconds .

========================================================================
Received Import Request.
  Time since last request: 0.000258 seconds.
  path: Assets/Tiles/walls_0014_Layer-15.png
  artifactKey: Guid(2ae7bedd91ffd4d4394258081f0ae554) Importer(815301076,1909f56bfc062723c751e8b465ee728b)
Start importing Assets/Tiles/walls_0014_Layer-15.png using Guid(2ae7bedd91ffd4d4394258081f0ae554) Importer(815301076,1909f56bfc062723c751e8b465ee728b)  -> (artifact id: '2ed682216c3d0a2869b6393b290ac520') in 0.014819 seconds 
  Import took 0.017766 seconds .

========================================================================
Received Import Request.
  Time since last request: 0.000150 seconds.
  path: Assets/Tiles/walls_0013_Layer-14.png
  artifactKey: Guid(bd8ebfd7d7c9e2b47b8090a9bcb00bb8) Importer(815301076,1909f56bfc062723c751e8b465ee728b)
Start importing Assets/Tiles/walls_0013_Layer-14.png using Guid(bd8ebfd7d7c9e2b47b8090a9bcb00bb8) Importer(815301076,1909f56bfc062723c751e8b465ee728b)  -> (artifact id: 'edf84fcb515e15ca35ab225528049a4e') in 0.013385 seconds 
  Import took 0.016319 seconds .

========================================================================
Received Import Request.
  Time since last request: 0.000190 seconds.
  path: Assets/Tiles/walls_0025_Layer-26.png
  artifactKey: Guid(a7427344f855e6b42bd7e896d6896784) Importer(815301076,1909f56bfc062723c751e8b465ee728b)
Start importing Assets/Tiles/walls_0025_Layer-26.png using Guid(a7427344f855e6b42bd7e896d6896784) Importer(815301076,1909f56bfc062723c751e8b465ee728b)  -> (artifact id: '08253ff43aae90afcd4f1affa2c8f26f') in 0.012637 seconds 
  Import took 0.015299 seconds .

========================================================================
Received Import Request.
  Time since last request: 0.000198 seconds.
  path: Assets/Tiles/walls_0032_Layer-33.png
  artifactKey: Guid(a81a2cec1ca57b149b8ffcd97aa337c3) Importer(815301076,1909f56bfc062723c751e8b465ee728b)
Start importing Assets/Tiles/walls_0032_Layer-33.png using Guid(a81a2cec1ca57b149b8ffcd97aa337c3) Importer(815301076,1909f56bfc062723c751e8b465ee728b)  -> (artifact id: 'eba536563efbfb6cffd22af85aa27e55') in 0.012913 seconds 
  Import took 0.015821 seconds .

========================================================================
Received Import Request.
  Time since last request: 0.000190 seconds.
  path: Assets/Tiles/walls_0037_Layer-38.png
  artifactKey: Guid(9c8b00586dd35e644bcd85e86796cd19) Importer(815301076,1909f56bfc062723c751e8b465ee728b)
Start importing Assets/Tiles/walls_0037_Layer-38.png using Guid(9c8b00586dd35e644bcd85e86796cd19) Importer(815301076,1909f56bfc062723c751e8b465ee728b)  -> (artifact id: '9424162ee47d4663d9f5f7eeb0925337') in 0.015424 seconds 
  Import took 0.018114 seconds .

========================================================================
Received Import Request.
  Time since last request: 0.000201 seconds.
  path: Assets/Tiles/walls_0020_Layer-21.png
  artifactKey: Guid(f76650d32a2636048805a048088d9288) Importer(815301076,1909f56bfc062723c751e8b465ee728b)
Start importing Assets/Tiles/walls_0020_Layer-21.png using Guid(f76650d32a2636048805a048088d9288) Importer(815301076,1909f56bfc062723c751e8b465ee728b)  -> (artifact id: '29cf7f1a77e776818039cad5472ee70c') in 0.013757 seconds 
  Import took 0.016709 seconds .

========================================================================
Received Import Request.
  Time since last request: 0.000191 seconds.
  path: Assets/Tiles/walls_0048_Layer-49.png
  artifactKey: Guid(891f235c2703bcd4ca9da27cdb6fc392) Importer(815301076,1909f56bfc062723c751e8b465ee728b)
Start importing Assets/Tiles/walls_0048_Layer-49.png using Guid(891f235c2703bcd4ca9da27cdb6fc392) Importer(815301076,1909f56bfc062723c751e8b465ee728b)  -> (artifact id: 'a66095f79a87fe558137d667d36d2560') in 0.013263 seconds 
  Import took 0.015798 seconds .

========================================================================
Received Import Request.
  Time since last request: 264.453529 seconds.
  path: ProjectSettings/TagManager.asset
  artifactKey: Guid(00000000000000003000000000000000) Importer(815301076,1909f56bfc062723c751e8b465ee728b)
Start importing ProjectSettings/TagManager.asset using Guid(00000000000000003000000000000000) Importer(815301076,1909f56bfc062723c751e8b465ee728b)  -> (artifact id: '95df672b4aaba54310d34c83eef51bb8') in 0.006234 seconds 
  Import took 0.009135 seconds .

AssetImportWorkerClient::OnTransportError - code=2 error=End of file
